# JRE version: OpenJDK Runtime Environment (8.0_282-b08) (build 1.8.0_282-8u282-b08-0ubuntu1~18.04-b08)
# Java VM: OpenJDK 64-Bit Server VM (25.282-b08 mixed mode linux-amd64 compressed oops)
Heap:
 PSYoungGen      total 2716672K, used 1279072K [0x0000000715580000, 0x00000007bfa00000, 0x00000007c0000000)
  eden space 2650624K, 48% used [0x0000000715580000,0x000000076339cc78,0x00000007b7200000)
  from space 66048K, 4% used [0x00000007b7200000,0x00000007b74fb6e0,0x00000007bb280000)
  to   space 61952K, 0% used [0x00000007bbd80000,0x00000007bbd80000,0x00000007bfa00000)
 ParOldGen       total 555520K, used 309345K [0x00000005c0000000, 0x00000005e1e80000, 0x0000000715580000)
  object space 555520K, 55% used [0x00000005c0000000,0x00000005d2e18488,0x00000005e1e80000)
 Metaspace       used 87616K, capacity 88864K, committed 88920K, reserved 1126400K
  class space    used 12388K, capacity 12657K, committed 12672K, reserved 1048576K
GC Heap History (10 events):
Event: 269.552 GC heap before
{Heap before GC invocations=60 (full 5):
 PSYoungGen      total 2689024K, used 2612561K [0x0000000715580000, 0x00000007bef00000, 0x00000007c0000000)
  eden space 2606592K, 100% used [0x0000000715580000,0x00000007b4700000,0x00000007b4700000)
  from space 82432K, 7% used [0x00000007b9e80000,0x00000007ba4544c8,0x00000007bef00000)
  to   space 86016K, 0% used [0x00000007b4700000,0x00000007b4700000,0x00000007b9b00000)
 ParOldGen       total 555520K, used 309233K [0x00000005c0000000, 0x00000005e1e80000, 0x0000000715580000)
  object space 555520K, 55% used [0x00000005c0000000,0x00000005d2dfc488,0x00000005e1e80000)
 Metaspace       used 86813K, capacity 87946K, committed 88152K, reserved 1124352K
  class space    used 12295K, capacity 12552K, committed 12672K, reserved 1048576K
Event: 269.560 GC heap after
Heap after GC invocations=60 (full 5):
 PSYoungGen      total 2692608K, used 6358K [0x0000000715580000, 0x00000007bf880000, 0x00000007c0000000)
  eden space 2606592K, 0% used [0x0000000715580000,0x0000000715580000,0x00000007b4700000)
  from space 86016K, 7% used [0x00000007b4700000,0x00000007b4d35a50,0x00000007b9b00000)
  to   space 80384K, 0% used [0x00000007baa00000,0x00000007baa00000,0x00000007bf880000)
 ParOldGen       total 555520K, used 309281K [0x00000005c0000000, 0x00000005e1e80000, 0x0000000715580000)
  object space 555520K, 55% used [0x00000005c0000000,0x00000005d2e08488,0x00000005e1e80000)
 Metaspace       used 86813K, capacity 87946K, committed 88152K, reserved 1124352K
  class space    used 12295K, capacity 12552K, committed 12672K, reserved 1048576K
}
Event: 272.194 GC heap before
{Heap before GC invocations=61 (full 5):
 PSYoungGen      total 2692608K, used 2612950K [0x0000000715580000, 0x00000007bf880000, 0x00000007c0000000)
  eden space 2606592K, 100% used [0x0000000715580000,0x00000007b4700000,0x00000007b4700000)
  from space 86016K, 7% used [0x00000007b4700000,0x00000007b4d35a50,0x00000007b9b00000)
  to   space 80384K, 0% used [0x00000007baa00000,0x00000007baa00000,0x00000007bf880000)
 ParOldGen       total 555520K, used 309281K [0x00000005c0000000, 0x00000005e1e80000, 0x0000000715580000)
  object space 555520K, 55% used [0x00000005c0000000,0x00000005d2e08488,0x00000005e1e80000)
 Metaspace       used 86825K, capacity 87946K, committed 88152K, reserved 1124352K
  class space    used 12295K, capacity 12552K, committed 12672K, reserved 1048576K
Event: 272.211 GC heap after
Heap after GC invocations=61 (full 5):
 PSYoungGen      total 2701824K, used 8323K [0x0000000715580000, 0x00000007bf080000, 0x00000007c0000000)
  eden space 2629632K, 0% used [0x0000000715580000,0x0000000715580000,0x00000007b5d80000)
  from space 72192K, 11% used [0x00000007baa00000,0x00000007bb220da8,0x00000007bf080000)
  to   space 75264K, 0% used [0x00000007b5d80000,0x00000007b5d80000,0x00000007ba700000)
 ParOldGen       total 555520K, used 309329K [0x00000005c0000000, 0x00000005e1e80000, 0x0000000715580000)
  object space 555520K, 55% used [0x00000005c0000000,0x00000005d2e14488,0x00000005e1e80000)
 Metaspace       used 86825K, capacity 87946K, committed 88152K, reserved 1124352K
  class space    used 12295K, capacity 12552K, committed 12672K, reserved 1048576K
}
Event: 275.020 GC heap before
{Heap before GC invocations=62 (full 5):
 PSYoungGen      total 2701824K, used 2637955K [0x0000000715580000, 0x00000007bf080000, 0x00000007c0000000)
  eden space 2629632K, 100% used [0x0000000715580000,0x00000007b5d80000,0x00000007b5d80000)
  from space 72192K, 11% used [0x00000007baa00000,0x00000007bb220da8,0x00000007bf080000)
  to   space 75264K, 0% used [0x00000007b5d80000,0x00000007b5d80000,0x00000007ba700000)
 ParOldGen       total 555520K, used 309329K [0x00000005c0000000, 0x00000005e1e80000, 0x0000000715580000)
  object space 555520K, 55% used [0x00000005c0000000,0x00000005d2e14488,0x00000005e1e80000)
 Metaspace       used 86827K, capacity 87946K, committed 88152K, reserved 1124352K
  class space    used 12295K, capacity 12552K, committed 12672K, reserved 1048576K
Event: 275.028 GC heap after
Heap after GC invocations=62 (full 5):
 PSYoungGen      total 2704896K, used 6160K [0x0000000715580000, 0x00000007bf900000, 0x00000007c0000000)
  eden space 2629632K, 0% used [0x0000000715580000,0x0000000715580000,0x00000007b5d80000)
  from space 75264K, 8% used [0x00000007b5d80000,0x00000007b63842d0,0x00000007ba700000)
  to   space 70144K, 0% used [0x00000007bb480000,0x00000007bb480000,0x00000007bf900000)
 ParOldGen       total 555520K, used 309329K [0x00000005c0000000, 0x00000005e1e80000, 0x0000000715580000)
  object space 555520K, 55% used [0x00000005c0000000,0x00000005d2e14488,0x00000005e1e80000)
 Metaspace       used 86827K, capacity 87946K, committed 88152K, reserved 1124352K
  class space    used 12295K, capacity 12552K, committed 12672K, reserved 1048576K
}
Event: 277.826 GC heap before
{Heap before GC invocations=63 (full 5):
 PSYoungGen      total 2704896K, used 2635792K [0x0000000715580000, 0x00000007bf900000, 0x00000007c0000000)
  eden space 2629632K, 100% used [0x0000000715580000,0x00000007b5d80000,0x00000007b5d80000)
  from space 75264K, 8% used [0x00000007b5d80000,0x00000007b63842d0,0x00000007ba700000)
  to   space 70144K, 0% used [0x00000007bb480000,0x00000007bb480000,0x00000007bf900000)
 ParOldGen       total 555520K, used 309329K [0x00000005c0000000, 0x00000005e1e80000, 0x0000000715580000)
  object space 555520K, 55% used [0x00000005c0000000,0x00000005d2e14488,0x00000005e1e80000)
 Metaspace       used 86835K, capacity 87946K, committed 88152K, reserved 1124352K
  class space    used 12295K, capacity 12552K, committed 12672K, reserved 1048576K
Event: 277.846 GC heap after
Heap after GC invocations=63 (full 5):
 PSYoungGen      total 2714624K, used 6164K [0x0000000715580000, 0x00000007bf300000, 0x00000007c0000000)
  eden space 2650624K, 0% used [0x0000000715580000,0x0000000715580000,0x00000007b7200000)
  from space 64000K, 9% used [0x00000007bb480000,0x00000007bba85120,0x00000007bf300000)
  to   space 66048K, 0% used [0x00000007b7200000,0x00000007b7200000,0x00000007bb280000)
 ParOldGen       total 555520K, used 309329K [0x00000005c0000000, 0x00000005e1e80000, 0x0000000715580000)
  object space 555520K, 55% used [0x00000005c0000000,0x00000005d2e14488,0x00000005e1e80000)
 Metaspace       used 86835K, capacity 87946K, committed 88152K, reserved 1124352K
  class space    used 12295K, capacity 12552K, committed 12672K, reserved 1048576K
}
Event: 281.829 GC heap before
{Heap before GC invocations=64 (full 5):
 PSYoungGen      total 2714624K, used 2656788K [0x0000000715580000, 0x00000007bf300000, 0x00000007c0000000)
  eden space 2650624K, 100% used [0x0000000715580000,0x00000007b7200000,0x00000007b7200000)
  from space 64000K, 9% used [0x00000007bb480000,0x00000007bba85120,0x00000007bf300000)
  to   space 66048K, 0% used [0x00000007b7200000,0x00000007b7200000,0x00000007bb280000)
 ParOldGen       total 555520K, used 309329K [0x00000005c0000000, 0x00000005e1e80000, 0x0000000715580000)
  object space 555520K, 55% used [0x00000005c0000000,0x00000005d2e14488,0x00000005e1e80000)
 Metaspace       used 86836K, capacity 87946K, committed 88152K, reserved 1124352K
  class space    used 12295K, capacity 12552K, committed 12672K, reserved 1048576K
Event: 281.835 GC heap after
Heap after GC invocations=64 (full 5):
 PSYoungGen      total 2716672K, used 3053K [0x0000000715580000, 0x00000007bfa00000, 0x00000007c0000000)
  eden space 2650624K, 0% used [0x0000000715580000,0x0000000715580000,0x00000007b7200000)
  from space 66048K, 4% used [0x00000007b7200000,0x00000007b74fb6e0,0x00000007bb280000)
  to   space 61952K, 0% used [0x00000007bbd80000,0x00000007bbd80000,0x00000007bfa00000)
 ParOldGen       total 555520K, used 309345K [0x00000005c0000000, 0x00000005e1e80000, 0x0000000715580000)
  object space 555520K, 55% used [0x00000005c0000000,0x00000005d2e18488,0x00000005e1e80000)
 Metaspace       used 86836K, capacity 87946K, committed 88152K, reserved 1124352K
  class space    used 12295K, capacity 12552K, committed 12672K, reserved 1048576K
}

